Release 14.7 Map P.20131013 (nt64)
Xilinx Mapping Report File for Design 'Top_cymometer'

Design Information
------------------
Command Line   : map -intstyle ise -p xc6slx9-ftg256-2 -w -logic_opt off -ol
high -t 1 -xt 0 -register_duplication off -r 4 -global_opt off -mt off -ir off
-pr off -lc off -power off -o Top_cymometer_map.ncd Top_cymometer.ngd
Top_cymometer.pcf 
Target Device  : xc6slx9
Target Package : ftg256
Target Speed   : -2
Mapper Version : spartan6 -- $Revision: 1.55 $
Mapped Date    : Mon Aug 05 20:18:22 2019

Design Summary
--------------
Number of errors:      0
Number of warnings:   31
Slice Logic Utilization:
  Number of Slice Registers:                 1,793 out of  11,440   15%
    Number used as Flip Flops:               1,792
    Number used as Latches:                      1
    Number used as Latch-thrus:                  0
    Number used as AND/OR logics:                0
  Number of Slice LUTs:                      1,224 out of   5,720   21%
    Number used as logic:                      501 out of   5,720    8%
      Number using O6 output only:             367
      Number using O5 output only:              53
      Number using O5 and O6:                   81
      Number used as ROM:                        0
    Number used as Memory:                     305 out of   1,440   21%
      Number used as Dual Port RAM:              0
      Number used as Single Port RAM:            0
      Number used as Shift Register:           305
        Number using O6 output only:           191
        Number using O5 output only:             0
        Number using O5 and O6:                114
    Number used exclusively as route-thrus:    418
      Number with same-slice register load:    385
      Number with same-slice carry load:        33
      Number with other load:                    0

Slice Logic Distribution:
  Number of occupied Slices:                   486 out of   1,430   33%
  Number of MUXCYs used:                       492 out of   2,860   17%
  Number of LUT Flip Flop pairs used:        1,600
    Number with an unused Flip Flop:           345 out of   1,600   21%
    Number with an unused LUT:                 376 out of   1,600   23%
    Number of fully used LUT-FF pairs:         879 out of   1,600   54%
    Number of unique control sets:              65
    Number of slice register sites lost
      to control set restrictions:             292 out of  11,440    2%

  A LUT Flip Flop pair for this architecture represents one LUT paired with
  one Flip Flop within a slice.  A control set is a unique combination of
  clock, reset, set, and enable signals for a registered element.
  The Slice Logic Distribution report is not meaningful if the design is
  over-mapped for a non-slice resource or if Placement fails.

IO Utilization:
  Number of bonded IOBs:                         9 out of     186    4%
    Number of LOCed IOBs:                        9 out of       9  100%

Specific Feature Utilization:
  Number of RAMB16BWERs:                        29 out of      32   90%
  Number of RAMB8BWERs:                          0 out of      64    0%
  Number of BUFIO2/BUFIO2_2CLKs:                 1 out of      32    3%
    Number used as BUFIO2s:                      1
    Number used as BUFIO2_2CLKs:                 0
  Number of BUFIO2FB/BUFIO2FB_2CLKs:             1 out of      32    3%
    Number used as BUFIO2FBs:                    1
    Number used as BUFIO2FB_2CLKs:               0
  Number of BUFG/BUFGMUXs:                       4 out of      16   25%
    Number used as BUFGs:                        4
    Number used as BUFGMUX:                      0
  Number of DCM/DCM_CLKGENs:                     1 out of       4   25%
    Number used as DCMs:                         1
    Number used as DCM_CLKGENs:                  0
  Number of ILOGIC2/ISERDES2s:                   0 out of     200    0%
  Number of IODELAY2/IODRP2/IODRP2_MCBs:         0 out of     200    0%
  Number of OLOGIC2/OSERDES2s:                   0 out of     200    0%
  Number of BSCANs:                              1 out of       4   25%
  Number of BUFHs:                               0 out of     128    0%
  Number of BUFPLLs:                             0 out of       8    0%
  Number of BUFPLL_MCBs:                         0 out of       4    0%
  Number of DSP48A1s:                            0 out of      16    0%
  Number of ICAPs:                               0 out of       1    0%
  Number of MCBs:                                0 out of       2    0%
  Number of PCILOGICSEs:                         0 out of       2    0%
  Number of PLL_ADVs:                            0 out of       2    0%
  Number of PMVs:                                0 out of       1    0%
  Number of STARTUPs:                            0 out of       1    0%
  Number of SUSPEND_SYNCs:                       0 out of       1    0%

Average Fanout of Non-Clock Nets:                2.64

Peak Memory Usage:  4576 MB
Total REAL time to MAP completion:  18 secs 
Total CPU time to MAP completion:   18 secs 

Table of Contents
-----------------
Section 1 - Errors
Section 2 - Warnings
Section 3 - Informational
Section 4 - Removed Logic Summary
Section 5 - Removed Logic
Section 6 - IOB Properties
Section 7 - RPMs
Section 8 - Guide Report
Section 9 - Area Group and Partition Summary
Section 10 - Timing Report
Section 11 - Configuration String Information
Section 12 - Control Set Information
Section 13 - Utilization by Hierarchy

Section 1 - Errors
------------------

Section 2 - Warnings
--------------------
WARNING:Place:1109 - A clock IOB / BUFGMUX clock component pair have been found
   that are not placed at an optimal clock IOB / BUFGMUX site pair. The clock
   IOB component <clk_fx> is placed at site <K16>. The corresponding BUFG
   component <clk_fx_IBUF_BUFG> is placed at site <BUFGMUX_X2Y2>. There is only
   a select set of IOBs that can use the fast path to the Clocker buffer, and
   they are not being used. You may want to analyze why this problem exists and
   correct it. This is normally an ERROR but the CLOCK_DEDICATED_ROUTE
   constraint was applied on COMP.PIN <clk_fx.PAD> allowing your design to
   continue. This constraint disables all clock placer rules related to the
   specified COMP.PIN. The use of this override is highly discouraged as it may
   lead to very poor timing results. It is recommended that this error condition
   be corrected in the design.
WARNING:PhysDesignRules:372 - Gated clock. Clock net CONTROL0<13> is sourced by
   a combinatorial pin. This is not good design practice. Use the CE pin to
   control the loading of data into the flip-flop.
WARNING:PhysDesignRules:1176 - Issue with pin connections and/or configuration
   on
   block:<ila_filter_debug/U0/I_NO_D.U_ILA/U_CAPSTOR/I_CASE1.I_YES_TB.U_TRACE_BU
   FFER/U_RAM/I_S6.U_CS_BRAM_CASCADE_S6/I_DEPTH_LTEQ_16K.U_SBRAM_0/I_B18KGT0.G_R
   AMB18[25].u_ramb18/U_RAMB18>:<RAMB16BWER_RAMB16BWER>.  The block is
   configured to use input parity pin DIBP0. There is dangling output for parity
   pin DOPB0.
WARNING:PhysDesignRules:1176 - Issue with pin connections and/or configuration
   on
   block:<ila_filter_debug/U0/I_NO_D.U_ILA/U_CAPSTOR/I_CASE1.I_YES_TB.U_TRACE_BU
   FFER/U_RAM/I_S6.U_CS_BRAM_CASCADE_S6/I_DEPTH_LTEQ_16K.U_SBRAM_0/I_B18KGT0.G_R
   AMB18[17].u_ramb18/U_RAMB18>:<RAMB16BWER_RAMB16BWER>.  The block is
   configured to use input parity pin DIBP0. There is dangling output for parity
   pin DOPB0.
WARNING:PhysDesignRules:1176 - Issue with pin connections and/or configuration
   on
   block:<ila_filter_debug/U0/I_NO_D.U_ILA/U_CAPSTOR/I_CASE1.I_YES_TB.U_TRACE_BU
   FFER/U_RAM/I_S6.U_CS_BRAM_CASCADE_S6/I_DEPTH_LTEQ_16K.U_SBRAM_0/I_B18KGT0.G_R
   AMB18[20].u_ramb18/U_RAMB18>:<RAMB16BWER_RAMB16BWER>.  The block is
   configured to use input parity pin DIBP0. There is dangling output for parity
   pin DOPB0.
WARNING:PhysDesignRules:1176 - Issue with pin connections and/or configuration
   on
   block:<ila_filter_debug/U0/I_NO_D.U_ILA/U_CAPSTOR/I_CASE1.I_YES_TB.U_TRACE_BU
   FFER/U_RAM/I_S6.U_CS_BRAM_CASCADE_S6/I_DEPTH_LTEQ_16K.U_SBRAM_0/I_B18KGT0.G_R
   AMB18[12].u_ramb18/U_RAMB18>:<RAMB16BWER_RAMB16BWER>.  The block is
   configured to use input parity pin DIBP0. There is dangling output for parity
   pin DOPB0.
WARNING:PhysDesignRules:1176 - Issue with pin connections and/or configuration
   on
   block:<ila_filter_debug/U0/I_NO_D.U_ILA/U_CAPSTOR/I_CASE1.I_YES_TB.U_TRACE_BU
   FFER/U_RAM/I_S6.U_CS_BRAM_CASCADE_S6/I_DEPTH_LTEQ_16K.U_SBRAM_0/I_B18KGT0.G_R
   AMB18[7].u_ramb18/U_RAMB18>:<RAMB16BWER_RAMB16BWER>.  The block is configured
   to use input parity pin DIBP0. There is dangling output for parity pin DOPB0.
WARNING:PhysDesignRules:1176 - Issue with pin connections and/or configuration
   on
   block:<ila_filter_debug/U0/I_NO_D.U_ILA/U_CAPSTOR/I_CASE1.I_YES_TB.U_TRACE_BU
   FFER/U_RAM/I_S6.U_CS_BRAM_CASCADE_S6/I_DEPTH_LTEQ_16K.U_SBRAM_0/I_B18KGT0.G_R
   AMB18[2].u_ramb18/U_RAMB18>:<RAMB16BWER_RAMB16BWER>.  The block is configured
   to use input parity pin DIBP0. There is dangling output for parity pin DOPB0.
WARNING:PhysDesignRules:1176 - Issue with pin connections and/or configuration
   on
   block:<ila_filter_debug/U0/I_NO_D.U_ILA/U_CAPSTOR/I_CASE1.I_YES_TB.U_TRACE_BU
   FFER/U_RAM/I_S6.U_CS_BRAM_CASCADE_S6/I_DEPTH_LTEQ_16K.U_SBRAM_0/I_B18KGT0.G_R
   AMB18[23].u_ramb18/U_RAMB18>:<RAMB16BWER_RAMB16BWER>.  The block is
   configured to use input parity pin DIBP0. There is dangling output for parity
   pin DOPB0.
WARNING:PhysDesignRules:1176 - Issue with pin connections and/or configuration
   on
   block:<ila_filter_debug/U0/I_NO_D.U_ILA/U_CAPSTOR/I_CASE1.I_YES_TB.U_TRACE_BU
   FFER/U_RAM/I_S6.U_CS_BRAM_CASCADE_S6/I_DEPTH_LTEQ_16K.U_SBRAM_0/I_B18KGT0.G_R
   AMB18[15].u_ramb18/U_RAMB18>:<RAMB16BWER_RAMB16BWER>.  The block is
   configured to use input parity pin DIBP0. There is dangling output for parity
   pin DOPB0.
WARNING:PhysDesignRules:1176 - Issue with pin connections and/or configuration
   on
   block:<ila_filter_debug/U0/I_NO_D.U_ILA/U_CAPSTOR/I_CASE1.I_YES_TB.U_TRACE_BU
   FFER/U_RAM/I_S6.U_CS_BRAM_CASCADE_S6/I_DEPTH_LTEQ_16K.U_SBRAM_0/I_B18KGT0.G_R
   AMB18[10].u_ramb18/U_RAMB18>:<RAMB16BWER_RAMB16BWER>.  The block is
   configured to use input parity pin DIBP0. There is dangling output for parity
   pin DOPB0.
WARNING:PhysDesignRules:1176 - Issue with pin connections and/or configuration
   on
   block:<ila_filter_debug/U0/I_NO_D.U_ILA/U_CAPSTOR/I_CASE1.I_YES_TB.U_TRACE_BU
   FFER/U_RAM/I_S6.U_CS_BRAM_CASCADE_S6/I_DEPTH_LTEQ_16K.U_SBRAM_0/I_B18KGT0.G_R
   AMB18[5].u_ramb18/U_RAMB18>:<RAMB16BWER_RAMB16BWER>.  The block is configured
   to use input parity pin DIBP0. There is dangling output for parity pin DOPB0.
WARNING:PhysDesignRules:1176 - Issue with pin connections and/or configuration
   on
   block:<ila_filter_debug/U0/I_NO_D.U_ILA/U_CAPSTOR/I_CASE1.I_YES_TB.U_TRACE_BU
   FFER/U_RAM/I_S6.U_CS_BRAM_CASCADE_S6/I_DEPTH_LTEQ_16K.U_SBRAM_0/I_B18KGT0.G_R
   AMB18[0].u_ramb18/U_RAMB18>:<RAMB16BWER_RAMB16BWER>.  The block is configured
   to use input parity pin DIBP0. There is dangling output for parity pin DOPB0.
WARNING:PhysDesignRules:1176 - Issue with pin connections and/or configuration
   on
   block:<ila_filter_debug/U0/I_NO_D.U_ILA/U_CAPSTOR/I_CASE1.I_YES_TB.U_TRACE_BU
   FFER/U_RAM/I_S6.U_CS_BRAM_CASCADE_S6/I_DEPTH_LTEQ_16K.U_SBRAM_0/I_B18KGT0.G_R
   AMB18[26].u_ramb18/U_RAMB18>:<RAMB16BWER_RAMB16BWER>.  The block is
   configured to use input parity pin DIBP0. There is dangling output for parity
   pin DOPB0.
WARNING:PhysDesignRules:1176 - Issue with pin connections and/or configuration
   on
   block:<ila_filter_debug/U0/I_NO_D.U_ILA/U_CAPSTOR/I_CASE1.I_YES_TB.U_TRACE_BU
   FFER/U_RAM/I_S6.U_CS_BRAM_CASCADE_S6/I_DEPTH_LTEQ_16K.U_SBRAM_0/I_B18KGT0.G_R
   AMB18[18].u_ramb18/U_RAMB18>:<RAMB16BWER_RAMB16BWER>.  The block is
   configured to use input parity pin DIBP0. There is dangling output for parity
   pin DOPB0.
WARNING:PhysDesignRules:1176 - Issue with pin connections and/or configuration
   on
   block:<ila_filter_debug/U0/I_NO_D.U_ILA/U_CAPSTOR/I_CASE1.I_YES_TB.U_TRACE_BU
   FFER/U_RAM/I_S6.U_CS_BRAM_CASCADE_S6/I_DEPTH_LTEQ_16K.U_SBRAM_0/I_B18KGT0.G_R
   AMB18[21].u_ramb18/U_RAMB18>:<RAMB16BWER_RAMB16BWER>.  The block is
   configured to use input parity pin DIBP0. There is dangling output for parity
   pin DOPB0.
WARNING:PhysDesignRules:1176 - Issue with pin connections and/or configuration
   on
   block:<ila_filter_debug/U0/I_NO_D.U_ILA/U_CAPSTOR/I_CASE1.I_YES_TB.U_TRACE_BU
   FFER/U_RAM/I_S6.U_CS_BRAM_CASCADE_S6/I_DEPTH_LTEQ_16K.U_SBRAM_0/I_B18KGT0.G_R
   AMB18[13].u_ramb18/U_RAMB18>:<RAMB16BWER_RAMB16BWER>.  The block is
   configured to use input parity pin DIBP0. There is dangling output for parity
   pin DOPB0.
WARNING:PhysDesignRules:1176 - Issue with pin connections and/or configuration
   on
   block:<ila_filter_debug/U0/I_NO_D.U_ILA/U_CAPSTOR/I_CASE1.I_YES_TB.U_TRACE_BU
   FFER/U_RAM/I_S6.U_CS_BRAM_CASCADE_S6/I_DEPTH_LTEQ_16K.U_SBRAM_0/I_B18KGT0.G_R
   AMB18[8].u_ramb18/U_RAMB18>:<RAMB16BWER_RAMB16BWER>.  The block is configured
   to use input parity pin DIBP0. There is dangling output for parity pin DOPB0.
WARNING:PhysDesignRules:1176 - Issue with pin connections and/or configuration
   on
   block:<ila_filter_debug/U0/I_NO_D.U_ILA/U_CAPSTOR/I_CASE1.I_YES_TB.U_TRACE_BU
   FFER/U_RAM/I_S6.U_CS_BRAM_CASCADE_S6/I_DEPTH_LTEQ_16K.U_SBRAM_0/I_B18KGT0.G_R
   AMB18[3].u_ramb18/U_RAMB18>:<RAMB16BWER_RAMB16BWER>.  The block is configured
   to use input parity pin DIBP0. There is dangling output for parity pin DOPB0.
WARNING:PhysDesignRules:1176 - Issue with pin connections and/or configuration
   on
   block:<ila_filter_debug/U0/I_NO_D.U_ILA/U_CAPSTOR/I_CASE1.I_YES_TB.U_TRACE_BU
   FFER/U_RAM/I_S6.U_CS_BRAM_CASCADE_S6/I_DEPTH_LTEQ_16K.U_SBRAM_0/I_B18KGT0.G_R
   AMB18[24].u_ramb18/U_RAMB18>:<RAMB16BWER_RAMB16BWER>.  The block is
   configured to use input parity pin DIBP0. There is dangling output for parity
   pin DOPB0.
WARNING:PhysDesignRules:1176 - Issue with pin connections and/or configuration
   on
   block:<ila_filter_debug/U0/I_NO_D.U_ILA/U_CAPSTOR/I_CASE1.I_YES_TB.U_TRACE_BU
   FFER/U_RAM/I_S6.U_CS_BRAM_CASCADE_S6/I_DEPTH_LTEQ_16K.U_SBRAM_0/I_B18KGT0.G_R
   AMB18[16].u_ramb18/U_RAMB18>:<RAMB16BWER_RAMB16BWER>.  The block is
   configured to use input parity pin DIBP0. There is dangling output for parity
   pin DOPB0.
WARNING:PhysDesignRules:1176 - Issue with pin connections and/or configuration
   on
   block:<ila_filter_debug/U0/I_NO_D.U_ILA/U_CAPSTOR/I_CASE1.I_YES_TB.U_TRACE_BU
   FFER/U_RAM/I_S6.U_CS_BRAM_CASCADE_S6/I_DEPTH_LTEQ_16K.U_SBRAM_0/I_B18KGT0.G_R
   AMB18[11].u_ramb18/U_RAMB18>:<RAMB16BWER_RAMB16BWER>.  The block is
   configured to use input parity pin DIBP0. There is dangling output for parity
   pin DOPB0.
WARNING:PhysDesignRules:1176 - Issue with pin connections and/or configuration
   on
   block:<ila_filter_debug/U0/I_NO_D.U_ILA/U_CAPSTOR/I_CASE1.I_YES_TB.U_TRACE_BU
   FFER/U_RAM/I_S6.U_CS_BRAM_CASCADE_S6/I_DEPTH_LTEQ_16K.U_SBRAM_0/I_B18KGT0.G_R
   AMB18[6].u_ramb18/U_RAMB18>:<RAMB16BWER_RAMB16BWER>.  The block is configured
   to use input parity pin DIBP0. There is dangling output for parity pin DOPB0.
WARNING:PhysDesignRules:1176 - Issue with pin connections and/or configuration
   on
   block:<ila_filter_debug/U0/I_NO_D.U_ILA/U_CAPSTOR/I_CASE1.I_YES_TB.U_TRACE_BU
   FFER/U_RAM/I_S6.U_CS_BRAM_CASCADE_S6/I_DEPTH_LTEQ_16K.U_SBRAM_0/I_B18KGT0.G_R
   AMB18[1].u_ramb18/U_RAMB18>:<RAMB16BWER_RAMB16BWER>.  The block is configured
   to use input parity pin DIBP0. There is dangling output for parity pin DOPB0.
WARNING:PhysDesignRules:1176 - Issue with pin connections and/or configuration
   on
   block:<ila_filter_debug/U0/I_NO_D.U_ILA/U_CAPSTOR/I_CASE1.I_YES_TB.U_TRACE_BU
   FFER/U_RAM/I_S6.U_CS_BRAM_CASCADE_S6/I_DEPTH_LTEQ_16K.U_SBRAM_0/I_B18KGT0.G_R
   AMB18[27].u_ramb18/U_RAMB18>:<RAMB16BWER_RAMB16BWER>.  The block is
   configured to use input parity pin DIBP0. There is dangling output for parity
   pin DOPB0.
WARNING:PhysDesignRules:1176 - Issue with pin connections and/or configuration
   on
   block:<ila_filter_debug/U0/I_NO_D.U_ILA/U_CAPSTOR/I_CASE1.I_YES_TB.U_TRACE_BU
   FFER/U_RAM/I_S6.U_CS_BRAM_CASCADE_S6/I_DEPTH_LTEQ_16K.U_SBRAM_0/I_B18KGT0.G_R
   AMB18[19].u_ramb18/U_RAMB18>:<RAMB16BWER_RAMB16BWER>.  The block is
   configured to use input parity pin DIBP0. There is dangling output for parity
   pin DOPB0.
WARNING:PhysDesignRules:1176 - Issue with pin connections and/or configuration
   on
   block:<ila_filter_debug/U0/I_NO_D.U_ILA/U_CAPSTOR/I_CASE1.I_YES_TB.U_TRACE_BU
   FFER/U_RAM/I_S6.U_CS_BRAM_CASCADE_S6/I_DEPTH_LTEQ_16K.U_SBRAM_0/I_B18KGT0.G_R
   AMB18[22].u_ramb18/U_RAMB18>:<RAMB16BWER_RAMB16BWER>.  The block is
   configured to use input parity pin DIBP0. There is dangling output for parity
   pin DOPB0.
WARNING:PhysDesignRules:1176 - Issue with pin connections and/or configuration
   on
   block:<ila_filter_debug/U0/I_NO_D.U_ILA/U_CAPSTOR/I_CASE1.I_YES_TB.U_TRACE_BU
   FFER/U_RAM/I_S6.U_CS_BRAM_CASCADE_S6/I_DEPTH_LTEQ_16K.U_SBRAM_0/I_B18KGT0.G_R
   AMB18[14].u_ramb18/U_RAMB18>:<RAMB16BWER_RAMB16BWER>.  The block is
   configured to use input parity pin DIBP0. There is dangling output for parity
   pin DOPB0.
WARNING:PhysDesignRules:1176 - Issue with pin connections and/or configuration
   on
   block:<ila_filter_debug/U0/I_NO_D.U_ILA/U_CAPSTOR/I_CASE1.I_YES_TB.U_TRACE_BU
   FFER/U_RAM/I_S6.U_CS_BRAM_CASCADE_S6/I_DEPTH_LTEQ_16K.U_SBRAM_0/I_B18KGT0.G_R
   AMB18[9].u_ramb18/U_RAMB18>:<RAMB16BWER_RAMB16BWER>.  The block is configured
   to use input parity pin DIBP0. There is dangling output for parity pin DOPB0.
WARNING:PhysDesignRules:1176 - Issue with pin connections and/or configuration
   on
   block:<ila_filter_debug/U0/I_NO_D.U_ILA/U_CAPSTOR/I_CASE1.I_YES_TB.U_TRACE_BU
   FFER/U_RAM/I_S6.U_CS_BRAM_CASCADE_S6/I_DEPTH_LTEQ_16K.U_SBRAM_0/I_B18KGT0.G_R
   AMB18[4].u_ramb18/U_RAMB18>:<RAMB16BWER_RAMB16BWER>.  The block is configured
   to use input parity pin DIBP0. There is dangling output for parity pin DOPB0.
WARNING:PhysDesignRules:774 - Unexpected DCM configuration. CLKOUT_PHASE_SHIFT
   is not configured VARIABLE for comp PLL_Clk/PLL_Inst/dcm_sp_inst. The PSEN
   pin is connected to an active signal. The PSEN pin should be connected to GND
   to guarantee the expected operation.

Section 3 - Informational
-------------------------
INFO:LIT:243 - Logical network CONTROL0<35> has no load.
INFO:LIT:395 - The above info message is repeated 22 more times for the
   following (max. 5 shown):
   CONTROL0<34>,
   CONTROL0<33>,
   CONTROL0<32>,
   CONTROL0<31>,
   CONTROL0<30>
   To see the details of these info messages, please use the -detail switch.
INFO:MapLib:562 - No environment variables are currently set.
INFO:LIT:244 - All of the single ended outputs in this design are using slew
   rate limited output drivers. The delay on speed critical single ended outputs
   can be dramatically reduced by designating them as fast outputs.
INFO:Pack:1716 - Initializing temperature to 85.000 Celsius. (default - Range:
   0.000 to 85.000 Celsius)
INFO:Pack:1720 - Initializing voltage to 1.140 Volts. (default - Range: 1.140 to
   1.260 Volts)
INFO:Map:215 - The Interim Design Summary has been generated in the MAP Report
   (.mrp).
INFO:Pack:1650 - Map created a placed design.
INFO:PhysDesignRules:1861 - To achieve optimal frequency synthesis performance
   with the CLKFX and CLKFX180 outputs of the DCM comp
   PLL_Clk/PLL_Inst/dcm_sp_inst, consult the device Data Sheet.

Section 4 - Removed Logic Summary
---------------------------------
  47 block(s) removed
 262 block(s) optimized away
  31 signal(s) removed

Section 5 - Removed Logic
-------------------------

The trimmed logic report below shows the logic removed from your design due to
sourceless or loadless signals, and VCC or ground connections.  If the removal
of a signal or symbol results in the subsequent removal of an additional signal
or symbol, the message explaining that second removal will be indented.  This
indentation will be repeated as a chain of related logic is removed.

To quickly locate the original cause for the removal of a chain of logic, look
above the place where that logic is listed in the trimming report, then locate
the lines that are least indented (begin at the leftmost edge).

Loadless block "icon_debug/U0/U_ICON/U_CMD/U_CORE_ID_SEL/I4.FI[10].U_LUT" (ROM)
removed.
Loadless block "icon_debug/U0/U_ICON/U_CMD/U_CORE_ID_SEL/I4.FI[11].U_LUT" (ROM)
removed.
Loadless block "icon_debug/U0/U_ICON/U_CMD/U_CORE_ID_SEL/I4.FI[12].U_LUT" (ROM)
removed.
Loadless block "icon_debug/U0/U_ICON/U_CMD/U_CORE_ID_SEL/I4.FI[13].U_LUT" (ROM)
removed.
Loadless block "icon_debug/U0/U_ICON/U_CMD/U_CORE_ID_SEL/I4.FI[14].U_LUT" (ROM)
removed.
Loadless block "icon_debug/U0/U_ICON/U_CMD/U_CORE_ID_SEL/I4.FI[1].U_LUT" (ROM)
removed.
Loadless block "icon_debug/U0/U_ICON/U_CMD/U_CORE_ID_SEL/I4.FI[2].U_LUT" (ROM)
removed.
Loadless block "icon_debug/U0/U_ICON/U_CMD/U_CORE_ID_SEL/I4.FI[3].U_LUT" (ROM)
removed.
Loadless block "icon_debug/U0/U_ICON/U_CMD/U_CORE_ID_SEL/I4.FI[4].U_LUT" (ROM)
removed.
Loadless block "icon_debug/U0/U_ICON/U_CMD/U_CORE_ID_SEL/I4.FI[5].U_LUT" (ROM)
removed.
Loadless block "icon_debug/U0/U_ICON/U_CMD/U_CORE_ID_SEL/I4.FI[6].U_LUT" (ROM)
removed.
Loadless block "icon_debug/U0/U_ICON/U_CMD/U_CORE_ID_SEL/I4.FI[7].U_LUT" (ROM)
removed.
Loadless block "icon_debug/U0/U_ICON/U_CMD/U_CORE_ID_SEL/I4.FI[8].U_LUT" (ROM)
removed.
Loadless block "icon_debug/U0/U_ICON/U_CMD/U_CORE_ID_SEL/I4.FI[9].U_LUT" (ROM)
removed.
Loadless block "ila_filter_debug/U0/I_NO_D.U_ILA/U_STAT/U_DSR" (ROM) removed.
Loadless block
"ila_filter_debug/U0/I_NO_D.U_ILA/U_TRIG/U_TC/I_STORAGE_QUAL.U_CAP_B" (ROM)
removed.
The signal "CONTROL0<35>" is sourceless and has been removed.
The signal "CONTROL0<34>" is sourceless and has been removed.
The signal "CONTROL0<33>" is sourceless and has been removed.
The signal "CONTROL0<32>" is sourceless and has been removed.
The signal "CONTROL0<31>" is sourceless and has been removed.
The signal "CONTROL0<30>" is sourceless and has been removed.
The signal "CONTROL0<29>" is sourceless and has been removed.
The signal "CONTROL0<28>" is sourceless and has been removed.
The signal "CONTROL0<27>" is sourceless and has been removed.
The signal "CONTROL0<26>" is sourceless and has been removed.
The signal "CONTROL0<25>" is sourceless and has been removed.
The signal "CONTROL0<24>" is sourceless and has been removed.
The signal "CONTROL0<23>" is sourceless and has been removed.
The signal "CONTROL0<22>" is sourceless and has been removed.
The signal "CONTROL0<21>" is sourceless and has been removed.
The signal "CONTROL0<19>" is sourceless and has been removed.
The signal "CONTROL0<18>" is sourceless and has been removed.
The signal "CONTROL0<17>" is sourceless and has been removed.
The signal "CONTROL0<16>" is sourceless and has been removed.
The signal "CONTROL0<15>" is sourceless and has been removed.
The signal "CONTROL0<11>" is sourceless and has been removed.
The signal "CONTROL0<10>" is sourceless and has been removed.
The signal "CONTROL0<7>" is sourceless and has been removed.
The signal "icon_debug/U0/U_ICON/iCOMMAND_SEL<15>" is sourceless and has been
removed.
 Sourceless block "icon_debug/U0/U_ICON/U_CTRL_OUT/F_NCP[0].F_CMD[15].U_HCE"
(ROM) removed.
 Sourceless block "icon_debug/U0/U_ICON/U_CTRL_OUT/F_NCP[0].F_CMD[15].U_LCE"
(ROM) removed.
The signal "icon_debug/U0/U_ICON/iCOMMAND_SEL<14>" is sourceless and has been
removed.
 Sourceless block "icon_debug/U0/U_ICON/U_CTRL_OUT/F_NCP[0].F_CMD[14].U_HCE"
(ROM) removed.
 Sourceless block "icon_debug/U0/U_ICON/U_CTRL_OUT/F_NCP[0].F_CMD[14].U_LCE"
(ROM) removed.
The signal "icon_debug/U0/U_ICON/iCOMMAND_SEL<13>" is sourceless and has been
removed.
 Sourceless block "icon_debug/U0/U_ICON/U_CTRL_OUT/F_NCP[0].F_CMD[13].U_HCE"
(ROM) removed.
 Sourceless block "icon_debug/U0/U_ICON/U_CTRL_OUT/F_NCP[0].F_CMD[13].U_LCE"
(ROM) removed.
The signal "icon_debug/U0/U_ICON/iCOMMAND_SEL<12>" is sourceless and has been
removed.
 Sourceless block "icon_debug/U0/U_ICON/U_CTRL_OUT/F_NCP[0].F_CMD[12].U_HCE"
(ROM) removed.
 Sourceless block "icon_debug/U0/U_ICON/U_CTRL_OUT/F_NCP[0].F_CMD[12].U_LCE"
(ROM) removed.
The signal "icon_debug/U0/U_ICON/iCOMMAND_SEL<11>" is sourceless and has been
removed.
 Sourceless block "icon_debug/U0/U_ICON/U_CTRL_OUT/F_NCP[0].F_CMD[11].U_HCE"
(ROM) removed.
 Sourceless block "icon_debug/U0/U_ICON/U_CTRL_OUT/F_NCP[0].F_CMD[11].U_LCE"
(ROM) removed.
The signal "icon_debug/U0/U_ICON/iCOMMAND_SEL<7>" is sourceless and has been
removed.
 Sourceless block "icon_debug/U0/U_ICON/U_CTRL_OUT/F_NCP[0].F_CMD[7].U_HCE" (ROM)
removed.
 Sourceless block "icon_debug/U0/U_ICON/U_CTRL_OUT/F_NCP[0].F_CMD[7].U_LCE" (ROM)
removed.
The signal "icon_debug/U0/U_ICON/iCOMMAND_SEL<6>" is sourceless and has been
removed.
 Sourceless block "icon_debug/U0/U_ICON/U_CTRL_OUT/F_NCP[0].F_CMD[6].U_HCE" (ROM)
removed.
 Sourceless block "icon_debug/U0/U_ICON/U_CTRL_OUT/F_NCP[0].F_CMD[6].U_LCE" (ROM)
removed.
The signal "icon_debug/U0/U_ICON/iCOMMAND_SEL<3>" is sourceless and has been
removed.
 Sourceless block "icon_debug/U0/U_ICON/U_CTRL_OUT/F_NCP[0].F_CMD[3].U_HCE" (ROM)
removed.
 Sourceless block "icon_debug/U0/U_ICON/U_CTRL_OUT/F_NCP[0].F_CMD[3].U_LCE" (ROM)
removed.
Unused block "icon_debug/U0/U_ICON/U_CMD/U_COMMAND_SEL/I4.FI[11].U_LUT" (ROM)
removed.
Unused block "icon_debug/U0/U_ICON/U_CMD/U_COMMAND_SEL/I4.FI[12].U_LUT" (ROM)
removed.
Unused block "icon_debug/U0/U_ICON/U_CMD/U_COMMAND_SEL/I4.FI[13].U_LUT" (ROM)
removed.
Unused block "icon_debug/U0/U_ICON/U_CMD/U_COMMAND_SEL/I4.FI[14].U_LUT" (ROM)
removed.
Unused block "icon_debug/U0/U_ICON/U_CMD/U_COMMAND_SEL/I4.FI[15].U_LUT" (ROM)
removed.
Unused block "icon_debug/U0/U_ICON/U_CMD/U_COMMAND_SEL/I4.FI[3].U_LUT" (ROM)
removed.
Unused block "icon_debug/U0/U_ICON/U_CMD/U_COMMAND_SEL/I4.FI[6].U_LUT" (ROM)
removed.
Unused block "icon_debug/U0/U_ICON/U_CMD/U_COMMAND_SEL/I4.FI[7].U_LUT" (ROM)
removed.
Unused block "icon_debug/U0/U_ICON/U_CTRL_OUT/F_NCP[0].F_CMD[10].U_HCE" (ROM)
removed.
Unused block "icon_debug/U0/U_ICON/U_CTRL_OUT/F_NCP[0].F_CMD[1].U_HCE" (ROM)
removed.
Unused block "icon_debug/U0/U_ICON/U_CTRL_OUT/F_NCP[0].F_CMD[2].U_HCE" (ROM)
removed.
Unused block "icon_debug/U0/U_ICON/U_CTRL_OUT/F_NCP[0].F_CMD[4].U_HCE" (ROM)
removed.
Unused block "icon_debug/U0/U_ICON/U_CTRL_OUT/F_NCP[0].F_CMD[5].U_HCE" (ROM)
removed.
Unused block "icon_debug/U0/U_ICON/U_CTRL_OUT/F_NCP[0].F_CMD[8].U_HCE" (ROM)
removed.
Unused block "icon_debug/U0/U_ICON/U_CTRL_OUT/F_NCP[0].F_CMD[9].U_HCE" (ROM)
removed.

Optimized Block(s):
TYPE 		BLOCK
VCC 		XST_VCC
GND 		icon_debug/XST_GND
VCC 		icon_debug/XST_VCC
LUT4 		ila_filter_debug/U0/I_NO_D.U_ILA/U_STAT/F_SSTAT[6].I_STAT.U_STAT
   optimized to 0
GND 		ila_filter_debug/XST_GND
VCC 		ila_filter_debug/XST_VCC

To enable printing of redundant blocks removed and signals merged, set the
detailed map report option and rerun map.

Section 6 - IOB Properties
--------------------------

+---------------------------------------------------------------------------------------------------------------------------------------------------------+
| IOB Name                           | Type             | Direction | IO Standard          | Diff  | Drive    | Slew | Reg (s)      | Resistor | IOB      |
|                                    |                  |           |                      | Term  | Strength | Rate |              |          | Delay    |
+---------------------------------------------------------------------------------------------------------------------------------------------------------+
| MISO                               | IOB              | OUTPUT    | LVCMOS33             |       | 12       | SLOW |              |          |          |
| MISO_2                             | IOB              | OUTPUT    | LVCMOS33             |       | 12       | SLOW |              |          |          |
| SCK                                | IOB              | INPUT     | LVCMOS33             |       |          |      |              |          |          |
| SCK_2                              | IOB              | OUTPUT    | LVCMOS33             |       | 12       | SLOW |              |          |          |
| clk_fx                             | IOB              | INPUT     | LVCMOS33             |       |          |      |              |          |          |
| nCS                                | IOB              | INPUT     | LVCMOS33             |       |          |      |              |          |          |
| nCS_2                              | IOB              | OUTPUT    | LVCMOS33             |       | 12       | SLOW |              |          |          |
| rst_n                              | IOB              | INPUT     | LVCMOS33             |       |          |      |              |          |          |
| sys_clk                            | IOB              | INPUT     | LVCMOS25             |       |          |      |              |          |          |
+---------------------------------------------------------------------------------------------------------------------------------------------------------+

Section 7 - RPMs
----------------

Section 8 - Guide Report
------------------------
Guide not run on this design.

Section 9 - Area Group and Partition Summary
--------------------------------------------

Partition Implementation Status
-------------------------------

  No Partitions were found in this design.

-------------------------------

Area Group Information
----------------------

  No area groups were found in this design.

----------------------

Section 10 - Timing Report
--------------------------
A logic-level (pre-route) timing report can be generated by using Xilinx static
timing analysis tools, Timing Analyzer (GUI) or TRCE (command line), with the
mapped NCD and PCF files. Please note that this timing report will be generated
using estimated delay information. For accurate numbers, please generate a
timing report with the post Place and Route NCD file.

For more information about the Timing Analyzer, consult the Xilinx Timing
Analyzer Reference Manual; for more information about TRCE, consult the Xilinx
Command Line Tools User Guide "TRACE" chapter.

Section 11 - Configuration String Details
-----------------------------------------
Use the "-detail" map option to print out Configuration Strings

Section 12 - Control Set Information
------------------------------------
Use the "-detail" map option to print out Control Set Information.

Section 13 - Utilization by Hierarchy
-------------------------------------
Use the "-detail" map option to print out the Utilization by Hierarchy section.
